<?xml version="1.0" encoding="UTF-8"?>
<coverage generated="1773233552985" clover="3.2.0">
  <project timestamp="1773233552985" name="All files">
    <metrics statements="47" coveredstatements="45" conditionals="26" coveredconditionals="20" methods="18" coveredmethods="17" elements="91" coveredelements="82" complexity="0" loc="47" ncloc="47" packages="1" files="1" classes="1"/>
    <file name="site.js" path="/Users/veenawagle/VeenasPortfolio/site.js">
      <metrics statements="47" coveredstatements="45" conditionals="26" coveredconditionals="20" methods="18" coveredmethods="17"/>
      <line num="2" count="12" type="stmt"/>
      <line num="3" count="12" type="stmt"/>
      <line num="4" count="111" type="stmt"/>
      <line num="5" count="3" type="stmt"/>
      <line num="7" count="3" type="cond" truecount="3" falsecount="1"/>
      <line num="8" count="0" type="stmt"/>
      <line num="11" count="3" type="stmt"/>
      <line num="12" count="3" type="cond" truecount="2" falsecount="0"/>
      <line num="13" count="1" type="stmt"/>
      <line num="16" count="2" type="stmt"/>
      <line num="18" count="2" type="cond" truecount="2" falsecount="0"/>
      <line num="19" count="1" type="stmt"/>
      <line num="29" count="13" type="stmt"/>
      <line num="30" count="13" type="cond" truecount="2" falsecount="0"/>
      <line num="31" count="1" type="stmt"/>
      <line num="36" count="12" type="cond" truecount="2" falsecount="0"/>
      <line num="37" count="44" type="stmt"/>
      <line num="38" count="11" type="stmt"/>
      <line num="41" count="1" type="stmt"/>
      <line num="46" count="1" type="stmt"/>
      <line num="47" count="1" type="stmt"/>
      <line num="48" count="4" type="cond" truecount="1" falsecount="1"/>
      <line num="49" count="4" type="stmt"/>
      <line num="54" count="4" type="stmt"/>
      <line num="58" count="12" type="stmt"/>
      <line num="59" count="12" type="stmt"/>
      <line num="60" count="33" type="stmt"/>
      <line num="61" count="1" type="stmt"/>
      <line num="64" count="33" type="stmt"/>
      <line num="65" count="1" type="stmt"/>
      <line num="71" count="12" type="stmt"/>
      <line num="72" count="12" type="stmt"/>
      <line num="73" count="66" type="stmt"/>
      <line num="74" count="1" type="stmt"/>
      <line num="75" count="1" type="stmt"/>
      <line num="76" count="1" type="stmt"/>
      <line num="83" count="14" type="cond" truecount="4" falsecount="0"/>
      <line num="84" count="2" type="stmt"/>
      <line num="87" count="12" type="stmt"/>
      <line num="88" count="12" type="stmt"/>
      <line num="89" count="12" type="stmt"/>
      <line num="90" count="12" type="stmt"/>
      <line num="94" count="2" type="cond" truecount="3" falsecount="1"/>
      <line num="95" count="2" type="cond" truecount="1" falsecount="1"/>
      <line num="96" count="0" type="stmt"/>
      <line num="98" count="2" type="stmt"/>
      <line num="103" count="2" type="stmt"/>
    </file>
  </project>
</coverage>
