<?xml version="1.0" encoding="UTF-8"?>
<coverage generated="1773230430636" clover="3.2.0">
  <project timestamp="1773230430636" name="All files">
    <metrics statements="47" coveredstatements="37" conditionals="26" coveredconditionals="16" methods="18" coveredmethods="14" elements="91" coveredelements="67" complexity="0" loc="47" ncloc="47" packages="1" files="1" classes="1"/>
    <file name="site.js" path="/Users/veenawagle/VeenasPortfolio/site.js">
      <metrics statements="47" coveredstatements="37" conditionals="26" coveredconditionals="16" methods="18" coveredmethods="14"/>
      <line num="2" count="7" type="stmt"/>
      <line num="3" count="7" type="stmt"/>
      <line num="4" count="30" type="stmt"/>
      <line num="5" count="2" type="stmt"/>
      <line num="7" count="2" type="cond" truecount="3" falsecount="1"/>
      <line num="8" count="0" type="stmt"/>
      <line num="11" count="2" type="stmt"/>
      <line num="12" count="2" type="cond" truecount="1" falsecount="1"/>
      <line num="13" count="0" type="stmt"/>
      <line num="16" count="2" type="stmt"/>
      <line num="18" count="2" type="cond" truecount="2" falsecount="0"/>
      <line num="19" count="1" type="stmt"/>
      <line num="29" count="7" type="stmt"/>
      <line num="30" count="7" type="cond" truecount="2" falsecount="0"/>
      <line num="31" count="1" type="stmt"/>
      <line num="36" count="6" type="cond" truecount="1" falsecount="1"/>
      <line num="37" count="24" type="stmt"/>
      <line num="38" count="6" type="stmt"/>
      <line num="41" count="0" type="stmt"/>
      <line num="46" count="0" type="stmt"/>
      <line num="47" count="0" type="stmt"/>
      <line num="48" count="0" type="cond" truecount="0" falsecount="2"/>
      <line num="49" count="0" type="stmt"/>
      <line num="54" count="0" type="stmt"/>
      <line num="58" count="7" type="stmt"/>
      <line num="59" count="7" type="stmt"/>
      <line num="60" count="18" type="stmt"/>
      <line num="61" count="1" type="stmt"/>
      <line num="64" count="18" type="stmt"/>
      <line num="65" count="1" type="stmt"/>
      <line num="71" count="7" type="stmt"/>
      <line num="72" count="7" type="stmt"/>
      <line num="73" count="36" type="stmt"/>
      <line num="74" count="2" type="stmt"/>
      <line num="75" count="2" type="stmt"/>
      <line num="76" count="2" type="stmt"/>
      <line num="83" count="7" type="cond" truecount="3" falsecount="1"/>
      <line num="84" count="0" type="stmt"/>
      <line num="87" count="7" type="stmt"/>
      <line num="88" count="7" type="stmt"/>
      <line num="89" count="7" type="stmt"/>
      <line num="90" count="7" type="stmt"/>
      <line num="94" count="1" type="cond" truecount="3" falsecount="1"/>
      <line num="95" count="1" type="cond" truecount="1" falsecount="1"/>
      <line num="96" count="0" type="stmt"/>
      <line num="98" count="1" type="stmt"/>
      <line num="103" count="1" type="stmt"/>
    </file>
  </project>
</coverage>
