{"/Users/veenawagle/VeenasPortfolio/site.js": {"path":"/Users/veenawagle/VeenasPortfolio/site.js","statementMap":{"0":{"start":{"line":2,"column":18},"end":{"line":2,"column":54}},"1":{"start":{"line":3,"column":2},"end":{"line":25,"column":5}},"2":{"start":{"line":4,"column":4},"end":{"line":24,"column":7}},"3":{"start":{"line":5,"column":19},"end":{"line":5,"column":44}},"4":{"start":{"line":7,"column":6},"end":{"line":9,"column":7}},"5":{"start":{"line":8,"column":8},"end":{"line":8,"column":15}},"6":{"start":{"line":11,"column":21},"end":{"line":11,"column":44}},"7":{"start":{"line":12,"column":6},"end":{"line":14,"column":7}},"8":{"start":{"line":13,"column":8},"end":{"line":13,"column":15}},"9":{"start":{"line":16,"column":6},"end":{"line":16,"column":25}},"10":{"start":{"line":18,"column":6},"end":{"line":23,"column":7}},"11":{"start":{"line":19,"column":8},"end":{"line":22,"column":11}},"12":{"start":{"line":29,"column":23},"end":{"line":29,"column":55}},"13":{"start":{"line":30,"column":2},"end":{"line":32,"column":3}},"14":{"start":{"line":31,"column":4},"end":{"line":31,"column":11}},"15":{"start":{"line":36,"column":2},"end":{"line":39,"column":3}},"16":{"start":{"line":37,"column":4},"end":{"line":37,"column":60}},"17":{"start":{"line":37,"column":31},"end":{"line":37,"column":58}},"18":{"start":{"line":38,"column":4},"end":{"line":38,"column":11}},"19":{"start":{"line":41,"column":26},"end":{"line":44,"column":3}},"20":{"start":{"line":46,"column":19},"end":{"line":52,"column":21}},"21":{"start":{"line":47,"column":4},"end":{"line":51,"column":7}},"22":{"start":{"line":48,"column":6},"end":{"line":50,"column":7}},"23":{"start":{"line":49,"column":8},"end":{"line":49,"column":46}},"24":{"start":{"line":54,"column":2},"end":{"line":54,"column":51}},"25":{"start":{"line":54,"column":29},"end":{"line":54,"column":49}},"26":{"start":{"line":58,"column":16},"end":{"line":58,"column":53}},"27":{"start":{"line":59,"column":2},"end":{"line":67,"column":5}},"28":{"start":{"line":60,"column":4},"end":{"line":62,"column":7}},"29":{"start":{"line":61,"column":6},"end":{"line":61,"column":61}},"30":{"start":{"line":64,"column":4},"end":{"line":66,"column":7}},"31":{"start":{"line":65,"column":6},"end":{"line":65,"column":54}},"32":{"start":{"line":71,"column":18},"end":{"line":71,"column":60}},"33":{"start":{"line":72,"column":2},"end":{"line":79,"column":5}},"34":{"start":{"line":73,"column":4},"end":{"line":78,"column":7}},"35":{"start":{"line":74,"column":6},"end":{"line":74,"column":43}},"36":{"start":{"line":75,"column":6},"end":{"line":77,"column":14}},"37":{"start":{"line":76,"column":8},"end":{"line":76,"column":34}},"38":{"start":{"line":83,"column":2},"end":{"line":85,"column":3}},"39":{"start":{"line":84,"column":4},"end":{"line":84,"column":11}},"40":{"start":{"line":87,"column":2},"end":{"line":87,"column":33}},"41":{"start":{"line":88,"column":2},"end":{"line":88,"column":34}},"42":{"start":{"line":89,"column":2},"end":{"line":89,"column":36}},"43":{"start":{"line":90,"column":2},"end":{"line":90,"column":33}},"44":{"start":{"line":94,"column":0},"end":{"line":100,"column":1}},"45":{"start":{"line":95,"column":2},"end":{"line":99,"column":3}},"46":{"start":{"line":96,"column":4},"end":{"line":96,"column":96}},"47":{"start":{"line":96,"column":56},"end":{"line":96,"column":94}},"48":{"start":{"line":98,"column":4},"end":{"line":98,"column":43}},"49":{"start":{"line":103,"column":0},"end":{"line":109,"column":2}}},"fnMap":{"0":{"name":"setupSmoothScrolling","decl":{"start":{"line":1,"column":9},"end":{"line":1,"column":29}},"loc":{"start":{"line":1,"column":40},"end":{"line":26,"column":1}},"line":1},"1":{"name":"(anonymous_1)","decl":{"start":{"line":3,"column":18},"end":{"line":3,"column":19}},"loc":{"start":{"line":3,"column":28},"end":{"line":25,"column":3}},"line":3},"2":{"name":"(anonymous_2)","decl":{"start":{"line":4,"column":37},"end":{"line":4,"column":38}},"loc":{"start":{"line":4,"column":50},"end":{"line":24,"column":5}},"line":4},"3":{"name":"setupFadeInAnimations","decl":{"start":{"line":28,"column":9},"end":{"line":28,"column":30}},"loc":{"start":{"line":28,"column":41},"end":{"line":55,"column":1}},"line":28},"4":{"name":"(anonymous_4)","decl":{"start":{"line":37,"column":25},"end":{"line":37,"column":26}},"loc":{"start":{"line":37,"column":31},"end":{"line":37,"column":58}},"line":37},"5":{"name":"(anonymous_5)","decl":{"start":{"line":46,"column":48},"end":{"line":46,"column":49}},"loc":{"start":{"line":46,"column":59},"end":{"line":52,"column":3}},"line":46},"6":{"name":"(anonymous_6)","decl":{"start":{"line":47,"column":20},"end":{"line":47,"column":21}},"loc":{"start":{"line":47,"column":29},"end":{"line":51,"column":5}},"line":47},"7":{"name":"(anonymous_7)","decl":{"start":{"line":54,"column":23},"end":{"line":54,"column":24}},"loc":{"start":{"line":54,"column":29},"end":{"line":54,"column":49}},"line":54},"8":{"name":"setupProjectCardHoverEffects","decl":{"start":{"line":57,"column":9},"end":{"line":57,"column":37}},"loc":{"start":{"line":57,"column":43},"end":{"line":68,"column":1}},"line":57},"9":{"name":"(anonymous_9)","decl":{"start":{"line":59,"column":16},"end":{"line":59,"column":17}},"loc":{"start":{"line":59,"column":24},"end":{"line":67,"column":3}},"line":59},"10":{"name":"(anonymous_10)","decl":{"start":{"line":60,"column":40},"end":{"line":60,"column":41}},"loc":{"start":{"line":60,"column":52},"end":{"line":62,"column":5}},"line":60},"11":{"name":"(anonymous_11)","decl":{"start":{"line":64,"column":40},"end":{"line":64,"column":41}},"loc":{"start":{"line":64,"column":52},"end":{"line":66,"column":5}},"line":64},"12":{"name":"setupClickAnimations","decl":{"start":{"line":70,"column":9},"end":{"line":70,"column":29}},"loc":{"start":{"line":70,"column":40},"end":{"line":80,"column":1}},"line":70},"13":{"name":"(anonymous_13)","decl":{"start":{"line":72,"column":18},"end":{"line":72,"column":19}},"loc":{"start":{"line":72,"column":28},"end":{"line":79,"column":3}},"line":72},"14":{"name":"(anonymous_14)","decl":{"start":{"line":73,"column":37},"end":{"line":73,"column":38}},"loc":{"start":{"line":73,"column":49},"end":{"line":78,"column":5}},"line":73},"15":{"name":"(anonymous_15)","decl":{"start":{"line":75,"column":21},"end":{"line":75,"column":22}},"loc":{"start":{"line":75,"column":27},"end":{"line":77,"column":7}},"line":75},"16":{"name":"initSiteInteractions","decl":{"start":{"line":82,"column":9},"end":{"line":82,"column":29}},"loc":{"start":{"line":82,"column":60},"end":{"line":91,"column":1}},"line":82},"17":{"name":"(anonymous_17)","decl":{"start":{"line":96,"column":50},"end":{"line":96,"column":51}},"loc":{"start":{"line":96,"column":56},"end":{"line":96,"column":94}},"line":96}},"branchMap":{"0":{"loc":{"start":{"line":7,"column":6},"end":{"line":9,"column":7}},"type":"if","locations":[{"start":{"line":7,"column":6},"end":{"line":9,"column":7}},{"start":{},"end":{}}],"line":7},"1":{"loc":{"start":{"line":7,"column":10},"end":{"line":7,"column":40}},"type":"binary-expr","locations":[{"start":{"line":7,"column":10},"end":{"line":7,"column":15}},{"start":{"line":7,"column":19},"end":{"line":7,"column":40}}],"line":7},"2":{"loc":{"start":{"line":12,"column":6},"end":{"line":14,"column":7}},"type":"if","locations":[{"start":{"line":12,"column":6},"end":{"line":14,"column":7}},{"start":{},"end":{}}],"line":12},"3":{"loc":{"start":{"line":18,"column":6},"end":{"line":23,"column":7}},"type":"if","locations":[{"start":{"line":18,"column":6},"end":{"line":23,"column":7}},{"start":{},"end":{}}],"line":18},"4":{"loc":{"start":{"line":30,"column":2},"end":{"line":32,"column":3}},"type":"if","locations":[{"start":{"line":30,"column":2},"end":{"line":32,"column":3}},{"start":{},"end":{}}],"line":30},"5":{"loc":{"start":{"line":36,"column":2},"end":{"line":39,"column":3}},"type":"if","locations":[{"start":{"line":36,"column":2},"end":{"line":39,"column":3}},{"start":{},"end":{}}],"line":36},"6":{"loc":{"start":{"line":48,"column":6},"end":{"line":50,"column":7}},"type":"if","locations":[{"start":{"line":48,"column":6},"end":{"line":50,"column":7}},{"start":{},"end":{}}],"line":48},"7":{"loc":{"start":{"line":82,"column":30},"end":{"line":82,"column":42}},"type":"default-arg","locations":[{"start":{"line":82,"column":36},"end":{"line":82,"column":42}}],"line":82},"8":{"loc":{"start":{"line":82,"column":44},"end":{"line":82,"column":58}},"type":"default-arg","locations":[{"start":{"line":82,"column":50},"end":{"line":82,"column":58}}],"line":82},"9":{"loc":{"start":{"line":83,"column":2},"end":{"line":85,"column":3}},"type":"if","locations":[{"start":{"line":83,"column":2},"end":{"line":85,"column":3}},{"start":{},"end":{}}],"line":83},"10":{"loc":{"start":{"line":83,"column":6},"end":{"line":83,"column":18}},"type":"binary-expr","locations":[{"start":{"line":83,"column":6},"end":{"line":83,"column":10}},{"start":{"line":83,"column":14},"end":{"line":83,"column":18}}],"line":83},"11":{"loc":{"start":{"line":94,"column":0},"end":{"line":100,"column":1}},"type":"if","locations":[{"start":{"line":94,"column":0},"end":{"line":100,"column":1}},{"start":{},"end":{}}],"line":94},"12":{"loc":{"start":{"line":94,"column":4},"end":{"line":94,"column":68}},"type":"binary-expr","locations":[{"start":{"line":94,"column":4},"end":{"line":94,"column":33}},{"start":{"line":94,"column":37},"end":{"line":94,"column":68}}],"line":94},"13":{"loc":{"start":{"line":95,"column":2},"end":{"line":99,"column":3}},"type":"if","locations":[{"start":{"line":95,"column":2},"end":{"line":99,"column":3}},{"start":{"line":97,"column":9},"end":{"line":99,"column":3}}],"line":95}},"s":{"0":6,"1":6,"2":25,"3":2,"4":2,"5":0,"6":2,"7":2,"8":0,"9":2,"10":2,"11":1,"12":6,"13":6,"14":1,"15":5,"16":5,"17":30,"18":5,"19":0,"20":0,"21":0,"22":0,"23":0,"24":0,"25":0,"26":6,"27":6,"28":15,"29":1,"30":15,"31":1,"32":6,"33":6,"34":35,"35":2,"36":2,"37":2,"38":6,"39":0,"40":6,"41":6,"42":6,"43":6,"44":1,"45":1,"46":0,"47":0,"48":1,"49":1},"f":{"0":6,"1":25,"2":2,"3":6,"4":30,"5":0,"6":0,"7":0,"8":6,"9":15,"10":1,"11":1,"12":6,"13":35,"14":2,"15":2,"16":6,"17":0},"b":{"0":[0,2],"1":[2,2],"2":[0,2],"3":[1,1],"4":[1,5],"5":[5,0],"6":[0,0],"7":[0],"8":[0],"9":[0,6],"10":[6,6],"11":[1,0],"12":[1,1],"13":[0,1]},"_coverageSchema":"1a1c01bbd47fc00a2c39e90264f33305004495a9","hash":"f4176ba52b6a52e0b376079bc6b6e2660671b6cc"}
}
