TN:
SF:site.js
FN:1,setupSmoothScrolling
FN:3,(anonymous_1)
FN:4,(anonymous_2)
FN:28,setupFadeInAnimations
FN:37,(anonymous_4)
FN:46,(anonymous_5)
FN:47,(anonymous_6)
FN:54,(anonymous_7)
FN:57,setupProjectCardHoverEffects
FN:59,(anonymous_9)
FN:60,(anonymous_10)
FN:64,(anonymous_11)
FN:70,setupClickAnimations
FN:72,(anonymous_13)
FN:73,(anonymous_14)
FN:75,(anonymous_15)
FN:82,initSiteInteractions
FN:96,(anonymous_17)
FNF:18
FNH:14
FNDA:7,setupSmoothScrolling
FNDA:30,(anonymous_1)
FNDA:2,(anonymous_2)
FNDA:7,setupFadeInAnimations
FNDA:24,(anonymous_4)
FNDA:0,(anonymous_5)
FNDA:0,(anonymous_6)
FNDA:0,(anonymous_7)
FNDA:7,setupProjectCardHoverEffects
FNDA:18,(anonymous_9)
FNDA:1,(anonymous_10)
FNDA:1,(anonymous_11)
FNDA:7,setupClickAnimations
FNDA:36,(anonymous_13)
FNDA:2,(anonymous_14)
FNDA:2,(anonymous_15)
FNDA:7,initSiteInteractions
FNDA:0,(anonymous_17)
DA:2,7
DA:3,7
DA:4,30
DA:5,2
DA:7,2
DA:8,0
DA:11,2
DA:12,2
DA:13,0
DA:16,2
DA:18,2
DA:19,1
DA:29,7
DA:30,7
DA:31,1
DA:36,6
DA:37,24
DA:38,6
DA:41,0
DA:46,0
DA:47,0
DA:48,0
DA:49,0
DA:54,0
DA:58,7
DA:59,7
DA:60,18
DA:61,1
DA:64,18
DA:65,1
DA:71,7
DA:72,7
DA:73,36
DA:74,2
DA:75,2
DA:76,2
DA:83,7
DA:84,0
DA:87,7
DA:88,7
DA:89,7
DA:90,7
DA:94,1
DA:95,1
DA:96,0
DA:98,1
DA:103,1
LF:47
LH:37
BRDA:7,0,0,0
BRDA:7,0,1,2
BRDA:7,1,0,2
BRDA:7,1,1,2
BRDA:12,2,0,0
BRDA:12,2,1,2
BRDA:18,3,0,1
BRDA:18,3,1,1
BRDA:30,4,0,1
BRDA:30,4,1,6
BRDA:36,5,0,6
BRDA:36,5,1,0
BRDA:48,6,0,0
BRDA:48,6,1,0
BRDA:82,7,0,0
BRDA:82,8,0,0
BRDA:83,9,0,0
BRDA:83,9,1,7
BRDA:83,10,0,7
BRDA:83,10,1,7
BRDA:94,11,0,1
BRDA:94,11,1,0
BRDA:94,12,0,1
BRDA:94,12,1,1
BRDA:95,13,0,0
BRDA:95,13,1,1
BRF:26
BRH:16
end_of_record
