TN:
SF:site.js
FN:1,setupSmoothScrolling
FN:3,(anonymous_1)
FN:4,(anonymous_2)
FN:28,setupFadeInAnimations
FN:37,(anonymous_4)
FN:46,(anonymous_5)
FN:47,(anonymous_6)
FN:54,(anonymous_7)
FN:57,setupProjectCardHoverEffects
FN:59,(anonymous_9)
FN:60,(anonymous_10)
FN:64,(anonymous_11)
FN:70,setupClickAnimations
FN:72,(anonymous_13)
FN:73,(anonymous_14)
FN:75,(anonymous_15)
FN:82,initSiteInteractions
FN:96,(anonymous_17)
FNF:18
FNH:17
FNDA:12,setupSmoothScrolling
FNDA:111,(anonymous_1)
FNDA:3,(anonymous_2)
FNDA:13,setupFadeInAnimations
FNDA:44,(anonymous_4)
FNDA:1,(anonymous_5)
FNDA:4,(anonymous_6)
FNDA:4,(anonymous_7)
FNDA:12,setupProjectCardHoverEffects
FNDA:33,(anonymous_9)
FNDA:1,(anonymous_10)
FNDA:1,(anonymous_11)
FNDA:12,setupClickAnimations
FNDA:66,(anonymous_13)
FNDA:1,(anonymous_14)
FNDA:1,(anonymous_15)
FNDA:14,initSiteInteractions
FNDA:0,(anonymous_17)
DA:2,12
DA:3,12
DA:4,111
DA:5,3
DA:7,3
DA:8,0
DA:11,3
DA:12,3
DA:13,1
DA:16,2
DA:18,2
DA:19,1
DA:29,13
DA:30,13
DA:31,1
DA:36,12
DA:37,44
DA:38,11
DA:41,1
DA:46,1
DA:47,1
DA:48,4
DA:49,4
DA:54,4
DA:58,12
DA:59,12
DA:60,33
DA:61,1
DA:64,33
DA:65,1
DA:71,12
DA:72,12
DA:73,66
DA:74,1
DA:75,1
DA:76,1
DA:83,14
DA:84,2
DA:87,12
DA:88,12
DA:89,12
DA:90,12
DA:94,2
DA:95,2
DA:96,0
DA:98,2
DA:103,2
LF:47
LH:45
BRDA:7,0,0,0
BRDA:7,0,1,3
BRDA:7,1,0,3
BRDA:7,1,1,3
BRDA:12,2,0,1
BRDA:12,2,1,2
BRDA:18,3,0,1
BRDA:18,3,1,1
BRDA:30,4,0,1
BRDA:30,4,1,12
BRDA:36,5,0,11
BRDA:36,5,1,1
BRDA:48,6,0,4
BRDA:48,6,1,0
BRDA:82,7,0,0
BRDA:82,8,0,0
BRDA:83,9,0,2
BRDA:83,9,1,12
BRDA:83,10,0,14
BRDA:83,10,1,13
BRDA:94,11,0,2
BRDA:94,11,1,0
BRDA:94,12,0,2
BRDA:94,12,1,2
BRDA:95,13,0,0
BRDA:95,13,1,2
BRF:26
BRH:20
end_of_record
